{"/home/benedikt/Downloads/LinkedList/LinkedList.js": {"path":"/home/benedikt/Downloads/LinkedList/LinkedList.js","statementMap":{"0":{"start":{"line":3,"column":8},"end":{"line":3,"column":24}},"1":{"start":{"line":4,"column":8},"end":{"line":4,"column":23}},"2":{"start":{"line":8,"column":24},"end":{"line":8,"column":59}},"3":{"start":{"line":9,"column":8},"end":{"line":9,"column":27}},"4":{"start":{"line":10,"column":8},"end":{"line":10,"column":21}},"5":{"start":{"line":12,"column":8},"end":{"line":12,"column":22}},"6":{"start":{"line":16,"column":8},"end":{"line":28,"column":9}},"7":{"start":{"line":17,"column":12},"end":{"line":17,"column":42}},"8":{"start":{"line":19,"column":31},"end":{"line":19,"column":57}},"9":{"start":{"line":21,"column":12},"end":{"line":27,"column":13}},"10":{"start":{"line":22,"column":16},"end":{"line":22,"column":27}},"11":{"start":{"line":24,"column":16},"end":{"line":24,"column":79}},"12":{"start":{"line":25,"column":16},"end":{"line":25,"column":29}},"13":{"start":{"line":26,"column":16},"end":{"line":26,"column":40}},"14":{"start":{"line":32,"column":8},"end":{"line":40,"column":9}},"15":{"start":{"line":33,"column":12},"end":{"line":33,"column":23}},"16":{"start":{"line":35,"column":33},"end":{"line":35,"column":42}},"17":{"start":{"line":36,"column":12},"end":{"line":38,"column":13}},"18":{"start":{"line":36,"column":25},"end":{"line":36,"column":26}},"19":{"start":{"line":37,"column":16},"end":{"line":37,"column":52}},"20":{"start":{"line":39,"column":12},"end":{"line":39,"column":33}},"21":{"start":{"line":44,"column":8},"end":{"line":47,"column":9}},"22":{"start":{"line":45,"column":12},"end":{"line":45,"column":38}},"23":{"start":{"line":46,"column":12},"end":{"line":46,"column":25}},"24":{"start":{"line":51,"column":8},"end":{"line":61,"column":9}},"25":{"start":{"line":52,"column":12},"end":{"line":52,"column":31}},"26":{"start":{"line":54,"column":30},"end":{"line":54,"column":56}},"27":{"start":{"line":55,"column":26},"end":{"line":55,"column":48}},"28":{"start":{"line":57,"column":12},"end":{"line":60,"column":13}},"29":{"start":{"line":58,"column":16},"end":{"line":58,"column":47}},"30":{"start":{"line":59,"column":16},"end":{"line":59,"column":29}},"31":{"start":{"line":65,"column":21},"end":{"line":65,"column":23}},"32":{"start":{"line":67,"column":29},"end":{"line":67,"column":38}},"33":{"start":{"line":68,"column":8},"end":{"line":71,"column":9}},"34":{"start":{"line":69,"column":12},"end":{"line":69,"column":59}},"35":{"start":{"line":70,"column":12},"end":{"line":70,"column":48}},"36":{"start":{"line":73,"column":8},"end":{"line":73,"column":36}},"37":{"start":{"line":79,"column":8},"end":{"line":79,"column":26}},"38":{"start":{"line":80,"column":8},"end":{"line":80,"column":24}},"39":{"start":{"line":84,"column":0},"end":{"line":92,"column":1}},"40":{"start":{"line":85,"column":23},"end":{"line":85,"column":39}},"41":{"start":{"line":87,"column":4},"end":{"line":89,"column":5}},"42":{"start":{"line":87,"column":17},"end":{"line":87,"column":34}},"43":{"start":{"line":88,"column":8},"end":{"line":88,"column":42}},"44":{"start":{"line":91,"column":4},"end":{"line":91,"column":21}},"45":{"start":{"line":94,"column":0},"end":{"line":94,"column":27}}},"fnMap":{"0":{"name":"(anonymous_0)","decl":{"start":{"line":2,"column":4},"end":{"line":2,"column":5}},"loc":{"start":{"line":2,"column":18},"end":{"line":5,"column":5}},"line":2},"1":{"name":"(anonymous_1)","decl":{"start":{"line":7,"column":4},"end":{"line":7,"column":5}},"loc":{"start":{"line":7,"column":23},"end":{"line":13,"column":5}},"line":7},"2":{"name":"(anonymous_2)","decl":{"start":{"line":15,"column":4},"end":{"line":15,"column":5}},"loc":{"start":{"line":15,"column":26},"end":{"line":29,"column":5}},"line":15},"3":{"name":"(anonymous_3)","decl":{"start":{"line":31,"column":4},"end":{"line":31,"column":5}},"loc":{"start":{"line":31,"column":22},"end":{"line":41,"column":5}},"line":31},"4":{"name":"(anonymous_4)","decl":{"start":{"line":43,"column":4},"end":{"line":43,"column":5}},"loc":{"start":{"line":43,"column":19},"end":{"line":48,"column":5}},"line":43},"5":{"name":"(anonymous_5)","decl":{"start":{"line":50,"column":4},"end":{"line":50,"column":5}},"loc":{"start":{"line":50,"column":25},"end":{"line":62,"column":5}},"line":50},"6":{"name":"(anonymous_6)","decl":{"start":{"line":64,"column":4},"end":{"line":64,"column":5}},"loc":{"start":{"line":64,"column":12},"end":{"line":74,"column":5}},"line":64},"7":{"name":"(anonymous_7)","decl":{"start":{"line":78,"column":4},"end":{"line":78,"column":5}},"loc":{"start":{"line":78,"column":29},"end":{"line":81,"column":5}},"line":78},"8":{"name":"(anonymous_8)","decl":{"start":{"line":84,"column":24},"end":{"line":84,"column":25}},"loc":{"start":{"line":84,"column":44},"end":{"line":92,"column":1}},"line":84}},"branchMap":{"0":{"loc":{"start":{"line":16,"column":8},"end":{"line":28,"column":9}},"type":"if","locations":[{"start":{"line":16,"column":8},"end":{"line":28,"column":9}},{"start":{"line":16,"column":8},"end":{"line":28,"column":9}}],"line":16},"1":{"loc":{"start":{"line":21,"column":12},"end":{"line":27,"column":13}},"type":"if","locations":[{"start":{"line":21,"column":12},"end":{"line":27,"column":13}},{"start":{"line":21,"column":12},"end":{"line":27,"column":13}}],"line":21},"2":{"loc":{"start":{"line":32,"column":8},"end":{"line":40,"column":9}},"type":"if","locations":[{"start":{"line":32,"column":8},"end":{"line":40,"column":9}},{"start":{"line":32,"column":8},"end":{"line":40,"column":9}}],"line":32},"3":{"loc":{"start":{"line":32,"column":12},"end":{"line":32,"column":45}},"type":"binary-expr","locations":[{"start":{"line":32,"column":12},"end":{"line":32,"column":21}},{"start":{"line":32,"column":25},"end":{"line":32,"column":45}}],"line":32},"4":{"loc":{"start":{"line":44,"column":8},"end":{"line":47,"column":9}},"type":"if","locations":[{"start":{"line":44,"column":8},"end":{"line":47,"column":9}},{"start":{"line":44,"column":8},"end":{"line":47,"column":9}}],"line":44},"5":{"loc":{"start":{"line":51,"column":8},"end":{"line":61,"column":9}},"type":"if","locations":[{"start":{"line":51,"column":8},"end":{"line":61,"column":9}},{"start":{"line":51,"column":8},"end":{"line":61,"column":9}}],"line":51},"6":{"loc":{"start":{"line":57,"column":12},"end":{"line":60,"column":13}},"type":"if","locations":[{"start":{"line":57,"column":12},"end":{"line":60,"column":13}},{"start":{"line":57,"column":12},"end":{"line":60,"column":13}}],"line":57},"7":{"loc":{"start":{"line":57,"column":16},"end":{"line":57,"column":54}},"type":"binary-expr","locations":[{"start":{"line":57,"column":16},"end":{"line":57,"column":35}},{"start":{"line":57,"column":39},"end":{"line":57,"column":54}}],"line":57}},"s":{"0":15,"1":15,"2":38,"3":38,"4":38,"5":38,"6":5,"7":1,"8":4,"9":4,"10":2,"11":2,"12":2,"13":2,"14":23,"15":7,"16":16,"17":16,"18":16,"19":15,"20":16,"21":1,"22":1,"23":1,"24":4,"25":1,"26":3,"27":3,"28":3,"29":1,"30":1,"31":0,"32":0,"33":0,"34":0,"35":0,"36":0,"37":40,"38":40,"39":1,"40":14,"41":14,"42":14,"43":36,"44":14,"45":1},"f":{"0":15,"1":38,"2":5,"3":23,"4":1,"5":4,"6":0,"7":40,"8":14},"b":{"0":[1,4],"1":[2,2],"2":[7,16],"3":[23,19],"4":[1,0],"5":[1,3],"6":[1,2],"7":[3,2]},"_coverageSchema":"1a1c01bbd47fc00a2c39e90264f33305004495a9","hash":"b02ed6643a1019cc7fe17ba960b66c358f457b50"}
}
