TN:
SF:LinkedList.js
FN:2,(anonymous_0)
FN:7,(anonymous_1)
FN:15,(anonymous_2)
FN:31,(anonymous_3)
FN:43,(anonymous_4)
FN:50,(anonymous_5)
FN:64,(anonymous_6)
FN:78,(anonymous_7)
FN:84,(anonymous_8)
FNF:9
FNH:8
FNDA:15,(anonymous_0)
FNDA:38,(anonymous_1)
FNDA:5,(anonymous_2)
FNDA:23,(anonymous_3)
FNDA:1,(anonymous_4)
FNDA:4,(anonymous_5)
FNDA:0,(anonymous_6)
FNDA:40,(anonymous_7)
FNDA:14,(anonymous_8)
DA:3,15
DA:4,15
DA:8,38
DA:9,38
DA:10,38
DA:12,38
DA:16,5
DA:17,1
DA:19,4
DA:21,4
DA:22,2
DA:24,2
DA:25,2
DA:26,2
DA:32,23
DA:33,7
DA:35,16
DA:36,16
DA:37,15
DA:39,16
DA:44,1
DA:45,1
DA:46,1
DA:51,4
DA:52,1
DA:54,3
DA:55,3
DA:57,3
DA:58,1
DA:59,1
DA:65,0
DA:67,0
DA:68,0
DA:69,0
DA:70,0
DA:73,0
DA:79,40
DA:80,40
DA:84,1
DA:85,14
DA:87,14
DA:88,36
DA:91,14
DA:94,1
LF:44
LH:38
BRDA:16,0,0,1
BRDA:16,0,1,4
BRDA:21,1,0,2
BRDA:21,1,1,2
BRDA:32,2,0,7
BRDA:32,2,1,16
BRDA:32,3,0,23
BRDA:32,3,1,19
BRDA:44,4,0,1
BRDA:44,4,1,0
BRDA:51,5,0,1
BRDA:51,5,1,3
BRDA:57,6,0,1
BRDA:57,6,1,2
BRDA:57,7,0,3
BRDA:57,7,1,2
BRF:16
BRH:15
end_of_record
